<?xml version="1.0" encoding="UTF-8"?>
<!-- Generated by org.testng.reporters.JUnitReportReporter -->
<testsuite skipped="0" hostname="DESKTOP-LPSR3CB" name="Day1TestNG.TestNGExample6" tests="2" failures="0" timestamp="2022-04-27T12:18:17 IST" time="43.281" errors="0">
  <testcase name="ActiTimeLoginLogOut" time="28.297" classname="Day1TestNG.TestNGExample6"/>
  <system-out/>
  <testcase name="ActiTimeValidation" time="14.984" classname="Day1TestNG.TestNGExample6"/>
  <system-out/>
</testsuite> <!-- Day1TestNG.TestNGExample6 -->
