<?xml version="1.0" encoding="UTF-8"?>
<!-- Generated by org.testng.reporters.JUnitReportReporter -->
<testsuite skipped="0" hostname="DESKTOP-LPSR3CB" name="Day1TestNG.Example_Param1" tests="10" failures="0" timestamp="2022-04-28T11:30:52 IST" time="0.026" errors="0">
  <testcase name="Param1" time="0.002" classname="Day1TestNG.Example_Param1"/>
  <system-out/>
  <testcase name="Param1" time="0.009" classname="Day1TestNG.Example_Param1"/>
  <system-out/>
  <testcase name="Param1" time="0.001" classname="Day1TestNG.Example_Param1"/>
  <system-out/>
  <testcase name="Param1" time="0.003" classname="Day1TestNG.Example_Param1"/>
  <system-out/>
  <testcase name="Param1" time="0.004" classname="Day1TestNG.Example_Param1"/>
  <system-out/>
  <testcase name="Param1" time="0.001" classname="Day1TestNG.Example_Param1"/>
  <system-out/>
  <testcase name="Param1" time="0.001" classname="Day1TestNG.Example_Param1"/>
  <system-out/>
  <testcase name="Param1" time="0.002" classname="Day1TestNG.Example_Param1"/>
  <system-out/>
  <testcase name="Param1" time="0.002" classname="Day1TestNG.Example_Param1"/>
  <system-out/>
  <testcase name="Param1" time="0.001" classname="Day1TestNG.Example_Param1"/>
  <system-out/>
</testsuite> <!-- Day1TestNG.Example_Param1 -->
