<?xml version="1.0" encoding="UTF-8"?>
<!-- Generated by org.testng.reporters.JUnitReportReporter -->
<testsuite skipped="0" hostname="DESKTOP-LPSR3CB" name="Day1TestNG.TestNGExample1" tests="1" failures="0" timestamp="2022-04-27T10:11:07 IST" time="0.013" errors="0">
  <testcase name="testcase1" time="0.013" classname="Day1TestNG.TestNGExample1"/>
  <system-out/>
</testsuite> <!-- Day1TestNG.TestNGExample1 -->
