<?xml version="1.0" encoding="UTF-8"?>
<!-- Generated by org.testng.reporters.JUnitReportReporter -->
<testsuite skipped="1" hostname="DESKTOP-LPSR3CB" name="Day1TestNG.Example_Param3" tests="3" failures="0" timestamp="2022-04-28T11:41:02 IST" time="0.011" errors="0">
  <testcase name="login" time="0.009" classname="Day1TestNG.Example_Param3"/>
  <system-out/>
  <testcase name="sendmail" time="0.002" classname="Day1TestNG.Example_Param3"/>
  <system-out/>
  <testcase name="logout" classname="Day1TestNG.Example_Param3">
    <skipped/>
  </testcase> <!-- logout -->
  <system-out/>
</testsuite> <!-- Day1TestNG.Example_Param3 -->
