<?xml version="1.0" encoding="UTF-8"?>
<!-- Generated by org.testng.reporters.JUnitReportReporter -->
<testsuite skipped="0" hostname="DESKTOP-LPSR3CB" name="Day1TestNG.TestNGExample3" tests="1" failures="0" timestamp="2022-04-27T10:23:56 IST" time="0.009" errors="0">
  <testcase name="testcase3" time="0.009" classname="Day1TestNG.TestNGExample3"/>
  <system-out/>
</testsuite> <!-- Day1TestNG.TestNGExample3 -->
