<?xml version="1.0" encoding="UTF-8"?>
<!-- Generated by org.testng.reporters.JUnitReportReporter -->
<testsuite skipped="0" hostname="DESKTOP-LPSR3CB" name="Day1TestNG.TestNGExample2" tests="1" failures="0" timestamp="2022-04-27T10:20:38 IST" time="2.024" errors="0">
  <testcase name="testcase1" time="2.024" classname="Day1TestNG.TestNGExample2"/>
  <system-out/>
</testsuite> <!-- Day1TestNG.TestNGExample2 -->
