<?xml version="1.0" encoding="UTF-8"?>
<!-- Generated by org.testng.reporters.JUnitReportReporter -->
<testsuite skipped="0" hostname="DESKTOP-LPSR3CB" name="Day2TestNG.Example_Annotations1" tests="2" failures="0" timestamp="2022-04-28T15:08:53 IST" time="0.008" errors="0">
  <testcase name="verifyLogin" time="0.007" classname="Day2TestNG.Example_Annotations1"/>
  <system-out/>
  <testcase name="createTask" time="0.001" classname="Day2TestNG.Example_Annotations1"/>
  <system-out/>
</testsuite> <!-- Day2TestNG.Example_Annotations1 -->
