<?xml version="1.0" encoding="UTF-8"?>
<!-- Generated by org.testng.reporters.JUnitReportReporter -->
<testsuite skipped="0" hostname="DESKTOP-LPSR3CB" name="Day1TestNG.Example_Param6" tests="3" failures="0" timestamp="2022-04-28T12:04:58 IST" time="0.524" errors="0">
  <testcase name="signIn" time="0.015" classname="Day1TestNG.Example_Param6"/>
  <system-out/>
  <testcase name="login" time="0.001" classname="Day1TestNG.Example_Param6"/>
  <system-out/>
  <testcase name="checkNotification" time="0.508" classname="Day1TestNG.Example_Param6"/>
  <system-out/>
</testsuite> <!-- Day1TestNG.Example_Param6 -->
