<?xml version="1.0" encoding="UTF-8"?>
<!-- Generated by org.testng.reporters.JUnitReportReporter -->
<testsuite skipped="0" hostname="DESKTOP-LPSR3CB" name="TestNGAssigments.TestNGAssigments1" tests="2" failures="0" timestamp="2022-04-28T15:20:19 IST" time="24.635" errors="0">
  <testcase name="verifyLogin" time="24.634" classname="TestNGAssigments.TestNGAssigments1"/>
  <system-out/>
  <testcase name="createTask" time="0.001" classname="TestNGAssigments.TestNGAssigments1"/>
  <system-out/>
</testsuite> <!-- TestNGAssigments.TestNGAssigments1 -->
