<?xml version="1.0" encoding="UTF-8"?>
<!-- Generated by org.testng.reporters.JUnitReportReporter -->
<testsuite skipped="0" hostname="DESKTOP-LPSR3CB" name="Day1TestNG.Example_Param7" tests="1" failures="0" timestamp="2022-04-28T12:07:22 IST" time="0.019" errors="0">
  <testcase name="login" time="0.019" classname="Day1TestNG.Example_Param7"/>
  <system-out/>
</testsuite> <!-- Day1TestNG.Example_Param7 -->
